<?xml version="1.0" encoding="UTF-8"?>
<!-- Generated by org.testng.reporters.JUnitReportReporter -->
<testsuite hostname="Asplap1493" failures="0" tests="1" name="com.inetBanking.testCases.TC001_LoginTest" time="3.065" errors="0" timestamp="2023-03-22T16:43:38 IST" skipped="0">
  <testcase classname="com.inetBanking.testCases.TC001_LoginTest" name="loginTest" time="3.065"/>
  <system-out/>
</testsuite> <!-- com.inetBanking.testCases.TC001_LoginTest -->
