<?xml version="1.0" encoding="UTF-8"?>
<!-- Generated by org.testng.reporters.JUnitReportReporter -->
<testsuite hostname="Asplap1493" failures="0" tests="1" name="com.inetBanking.testCases.TC003_AddCustomer" time="29.819" errors="0" timestamp="2023-03-22T16:43:38 IST" skipped="0">
  <testcase classname="com.inetBanking.testCases.TC003_AddCustomer" name="addCustomer" time="29.819"/>
  <system-out/>
</testsuite> <!-- com.inetBanking.testCases.TC003_AddCustomer -->
